65056
[Voila] Looking for voila in /etc/jupyter
[Voila] Looking for voila in /usr/local/etc/jupyter
[Voila] Looking for voila in /usr/etc/jupyter
[Voila] Looking for voila in /root/.local/etc/jupyter
[Voila] Looking for voila in /root/.jupyter
[Voila] Looking for voila in /content/drive/My Drive/Colab Notebooks/voila
[Voila] using template: lab
[Voila] template paths:
	/usr/local/share/jupyter/voila/templates/lab
	/usr/local/share/jupyter/nbconvert/templates/lab
	/usr/local/share/jupyter/voila/templates/base
	/usr/local/share/jupyter/nbconvert/templates/base
	/root/.local/share/jupyter
	/root/.local/share/jupyter/voila/templates
	/root/.local/share/jupyter/nbconvert/templates
	/usr/local/share/jupyter
	/usr/local/share/jupyter/voila/templates
	/usr/local/share/jupyter/nbconvert/templates
	/usr/share/jupyter
	/usr/share/jupyter/voila/templates
	/usr/share/jupyter/nbconvert/templates
[Voila] static paths:
	/root/.local/share/jupyter/voila/templates/lab/static
	/root/.local/share/jupyter/nbconvert/templates/lab/static
	/usr/local/share/jupyter/voila/templates/lab/static
	/usr/local/share/jupyter/nbconvert/templates/lab/static
	/usr/share/jupyter/voila/templates/lab/static
	/usr/share/jupyter/nbconvert/templates/lab/static
	/root/.local/share/jupyter/voila/templates/base/static
	/root/.local/share/jupyter/nbconvert/templates/base/static
	/usr/local/share/jupyter/voila/templates/base/static
	/usr/local/share/jupyter/nbconvert/templates/base/static
	/usr/share/jupyter/voila/templates/base/static
	/usr/share/jupyter/nbconvert/templates/base/static
[Voila] Using /tmp to store connection files
[Voila] Storing connection files in /tmp/voila_vz29e5wu.
[Voila] Serving static files from /usr/local/lib/python3.7/dist-packages/voila/static.
[Voila] Voilà is running at:
http://localhost:65056/
npx: installed 22 in 3.23s
your url is: https://cuddly-bat-97.loca.lt
62450
[Voila] Looking for voila in /etc/jupyter
[Voila] Looking for voila in /usr/local/etc/jupyter
[Voila] Looking for voila in /usr/etc/jupyter
[Voila] Looking for voila in /root/.local/etc/jupyter
[Voila] Looking for voila in /root/.jupyter
[Voila] Looking for voila in /content/drive/My Drive/Colab Notebooks/voila
[Voila] using template: lab
[Voila] template paths:
	/usr/local/share/jupyter/voila/templates/lab
	/usr/local/share/jupyter/nbconvert/templates/lab
	/usr/local/share/jupyter/voila/templates/base
	/usr/local/share/jupyter/nbconvert/templates/base
	/root/.local/share/jupyter
	/root/.local/share/jupyter/voila/templates
	/root/.local/share/jupyter/nbconvert/templates
	/usr/local/share/jupyter
	/usr/local/share/jupyter/voila/templates
	/usr/local/share/jupyter/nbconvert/templates
	/usr/share/jupyter
	/usr/share/jupyter/voila/templates
	/usr/share/jupyter/nbconvert/templates
[Voila] static paths:
	/root/.local/share/jupyter/voila/templates/lab/static
	/root/.local/share/jupyter/nbconvert/templates/lab/static
	/usr/local/share/jupyter/voila/templates/lab/static
	/usr/local/share/jupyter/nbconvert/templates/lab/static
	/usr/share/jupyter/voila/templates/lab/static
	/usr/share/jupyter/nbconvert/templates/lab/static
	/root/.local/share/jupyter/voila/templates/base/static
	/root/.local/share/jupyter/nbconvert/templates/base/static
	/usr/local/share/jupyter/voila/templates/base/static
	/usr/local/share/jupyter/nbconvert/templates/base/static
	/usr/share/jupyter/voila/templates/base/static
	/usr/share/jupyter/nbconvert/templates/base/static
[Voila] Using /tmp to store connection files
[Voila] Storing connection files in /tmp/voila_xwgtuxtr.
[Voila] Serving static files from /usr/local/lib/python3.7/dist-packages/voila/static.
[Voila] Voilà is running at:
http://localhost:62450/
npx: installed 22 in 1.653s
your url is: https://green-hound-5.loca.lt
56432
[Voila] Looking for voila in /etc/jupyter
[Voila] Looking for voila in /usr/local/etc/jupyter
[Voila] Looking for voila in /usr/etc/jupyter
[Voila] Looking for voila in /root/.local/etc/jupyter
[Voila] Looking for voila in /root/.jupyter
[Voila] Looking for voila in /content/drive/My Drive/Colab Notebooks/voila
[Voila] using template: lab
[Voila] template paths:
	/usr/local/share/jupyter/voila/templates/lab
	/usr/local/share/jupyter/nbconvert/templates/lab
	/usr/local/share/jupyter/voila/templates/base
	/usr/local/share/jupyter/nbconvert/templates/base
	/root/.local/share/jupyter
	/root/.local/share/jupyter/voila/templates
	/root/.local/share/jupyter/nbconvert/templates
	/usr/local/share/jupyter
	/usr/local/share/jupyter/voila/templates
	/usr/local/share/jupyter/nbconvert/templates
	/usr/share/jupyter
	/usr/share/jupyter/voila/templates
	/usr/share/jupyter/nbconvert/templates
[Voila] static paths:
	/root/.local/share/jupyter/voila/templates/lab/static
	/root/.local/share/jupyter/nbconvert/templates/lab/static
	/usr/local/share/jupyter/voila/templates/lab/static
	/usr/local/share/jupyter/nbconvert/templates/lab/static
	/usr/share/jupyter/voila/templates/lab/static
	/usr/share/jupyter/nbconvert/templates/lab/static
	/root/.local/share/jupyter/voila/templates/base/static
	/root/.local/share/jupyter/nbconvert/templates/base/static
	/usr/local/share/jupyter/voila/templates/base/static
	/usr/local/share/jupyter/nbconvert/templates/base/static
	/usr/share/jupyter/voila/templates/base/static
	/usr/share/jupyter/nbconvert/templates/base/static
[Voila] Using /tmp to store connection files
[Voila] Storing connection files in /tmp/voila_xwbn4zdf.
[Voila] Serving static files from /usr/local/lib/python3.7/dist-packages/voila/static.
[Voila] Voilà is running at:
http://localhost:56432/
npx: installed 22 in 1.81s
your url is: https://funny-quail-10.loca.lt
51186
[Voila] Looking for voila in /etc/jupyter
[Voila] Looking for voila in /usr/local/etc/jupyter
[Voila] Looking for voila in /usr/etc/jupyter
[Voila] Looking for voila in /root/.local/etc/jupyter
[Voila] Looking for voila in /root/.jupyter
[Voila] Looking for voila in /content/drive/MyDrive/Colab Notebooks/voila
[Voila] using template: lab
[Voila] template paths:
	/usr/local/share/jupyter/voila/templates/lab
	/usr/local/share/jupyter/nbconvert/templates/lab
	/usr/local/share/jupyter/voila/templates/base
	/usr/local/share/jupyter/nbconvert/templates/base
	/root/.local/share/jupyter
	/root/.local/share/jupyter/voila/templates
	/root/.local/share/jupyter/nbconvert/templates
	/usr/local/share/jupyter
	/usr/local/share/jupyter/voila/templates
	/usr/local/share/jupyter/nbconvert/templates
	/usr/share/jupyter
	/usr/share/jupyter/voila/templates
	/usr/share/jupyter/nbconvert/templates
[Voila] static paths:
	/root/.local/share/jupyter/voila/templates/lab/static
	/root/.local/share/jupyter/nbconvert/templates/lab/static
	/usr/local/share/jupyter/voila/templates/lab/static
	/usr/local/share/jupyter/nbconvert/templates/lab/static
	/usr/share/jupyter/voila/templates/lab/static
	/usr/share/jupyter/nbconvert/templates/lab/static
	/root/.local/share/jupyter/voila/templates/base/static
	/root/.local/share/jupyter/nbconvert/templates/base/static
	/usr/local/share/jupyter/voila/templates/base/static
	/usr/local/share/jupyter/nbconvert/templates/base/static
	/usr/share/jupyter/voila/templates/base/static
	/usr/share/jupyter/nbconvert/templates/base/static
[Voila] Using /tmp to store connection files
[Voila] Storing connection files in /tmp/voila_fobk0pq0.
[Voila] Serving static files from /usr/local/lib/python3.7/dist-packages/voila/static.
[Voila] Voilà is running at:
http://localhost:51186/
npx: installed 22 in 2.454s
your url is: https://funny-stingray-73.loca.lt
62836
[Voila] Looking for voila in /etc/jupyter
[Voila] Looking for voila in /usr/local/etc/jupyter
[Voila] Looking for voila in /usr/etc/jupyter
[Voila] Looking for voila in /root/.local/etc/jupyter
[Voila] Looking for voila in /root/.jupyter
[Voila] Looking for voila in /content/drive/MyDrive/Colab Notebooks/voila
[Voila] using template: lab
[Voila] template paths:
	/usr/local/share/jupyter/voila/templates/lab
	/usr/local/share/jupyter/nbconvert/templates/lab
	/usr/local/share/jupyter/voila/templates/base
	/usr/local/share/jupyter/nbconvert/templates/base
	/root/.local/share/jupyter
	/root/.local/share/jupyter/voila/templates
	/root/.local/share/jupyter/nbconvert/templates
	/usr/local/share/jupyter
	/usr/local/share/jupyter/voila/templates
	/usr/local/share/jupyter/nbconvert/templates
	/usr/share/jupyter
	/usr/share/jupyter/voila/templates
	/usr/share/jupyter/nbconvert/templates
[Voila] static paths:
	/root/.local/share/jupyter/voila/templates/lab/static
	/root/.local/share/jupyter/nbconvert/templates/lab/static
	/usr/local/share/jupyter/voila/templates/lab/static
	/usr/local/share/jupyter/nbconvert/templates/lab/static
	/usr/share/jupyter/voila/templates/lab/static
	/usr/share/jupyter/nbconvert/templates/lab/static
	/root/.local/share/jupyter/voila/templates/base/static
	/root/.local/share/jupyter/nbconvert/templates/base/static
	/usr/local/share/jupyter/voila/templates/base/static
	/usr/local/share/jupyter/nbconvert/templates/base/static
	/usr/share/jupyter/voila/templates/base/static
	/usr/share/jupyter/nbconvert/templates/base/static
[Voila] Using /tmp to store connection files
[Voila] Storing connection files in /tmp/voila_tjssttfc.
[Voila] Serving static files from /usr/local/lib/python3.7/dist-packages/voila/static.
[Voila] Voilà is running at:
http://localhost:62836/
npx: installed 22 in 3.379s
your url is: https://lovely-horse-87.loca.lt
56592
[Voila] Looking for voila in /etc/jupyter
[Voila] Looking for voila in /usr/local/etc/jupyter
[Voila] Looking for voila in /usr/etc/jupyter
[Voila] Looking for voila in /root/.local/etc/jupyter
[Voila] Looking for voila in /root/.jupyter
[Voila] Looking for voila in /content/drive/My Drive/Colab Notebooks/voila
[Voila] using template: lab
[Voila] template paths:
	/usr/local/share/jupyter/voila/templates/lab
	/usr/local/share/jupyter/nbconvert/templates/lab
	/usr/local/share/jupyter/voila/templates/base
	/usr/local/share/jupyter/nbconvert/templates/base
	/root/.local/share/jupyter
	/root/.local/share/jupyter/voila/templates
	/root/.local/share/jupyter/nbconvert/templates
	/usr/local/share/jupyter
	/usr/local/share/jupyter/voila/templates
	/usr/local/share/jupyter/nbconvert/templates
	/usr/share/jupyter
	/usr/share/jupyter/voila/templates
	/usr/share/jupyter/nbconvert/templates
[Voila] static paths:
	/root/.local/share/jupyter/voila/templates/lab/static
	/root/.local/share/jupyter/nbconvert/templates/lab/static
	/usr/local/share/jupyter/voila/templates/lab/static
	/usr/local/share/jupyter/nbconvert/templates/lab/static
	/usr/share/jupyter/voila/templates/lab/static
	/usr/share/jupyter/nbconvert/templates/lab/static
	/root/.local/share/jupyter/voila/templates/base/static
	/root/.local/share/jupyter/nbconvert/templates/base/static
	/usr/local/share/jupyter/voila/templates/base/static
	/usr/local/share/jupyter/nbconvert/templates/base/static
	/usr/share/jupyter/voila/templates/base/static
	/usr/share/jupyter/nbconvert/templates/base/static
[Voila] Using /tmp to store connection files
[Voila] Storing connection files in /tmp/voila__ihl0inc.
[Voila] Serving static files from /usr/local/lib/python3.7/dist-packages/voila/static.
[Voila] Voilà is running at:
http://localhost:56592/
npx: installed 22 in 3.186s
your url is: https://smooth-gecko-63.loca.lt
54979
[Voila] Looking for voila in /etc/jupyter
[Voila] Looking for voila in /usr/local/etc/jupyter
[Voila] Looking for voila in /usr/etc/jupyter
[Voila] Looking for voila in /root/.local/etc/jupyter
[Voila] Looking for voila in /root/.jupyter
[Voila] Looking for voila in /content/drive/My Drive/Colab Notebooks/voila
[Voila] using template: lab
[Voila] template paths:
	/usr/local/share/jupyter/voila/templates/lab
	/usr/local/share/jupyter/nbconvert/templates/lab
	/usr/local/share/jupyter/voila/templates/base
	/usr/local/share/jupyter/nbconvert/templates/base
	/root/.local/share/jupyter
	/root/.local/share/jupyter/voila/templates
	/root/.local/share/jupyter/nbconvert/templates
	/usr/local/share/jupyter
	/usr/local/share/jupyter/voila/templates
	/usr/local/share/jupyter/nbconvert/templates
	/usr/share/jupyter
	/usr/share/jupyter/voila/templates
	/usr/share/jupyter/nbconvert/templates
[Voila] static paths:
	/root/.local/share/jupyter/voila/templates/lab/static
	/root/.local/share/jupyter/nbconvert/templates/lab/static
	/usr/local/share/jupyter/voila/templates/lab/static
	/usr/local/share/jupyter/nbconvert/templates/lab/static
	/usr/share/jupyter/voila/templates/lab/static
	/usr/share/jupyter/nbconvert/templates/lab/static
	/root/.local/share/jupyter/voila/templates/base/static
	/root/.local/share/jupyter/nbconvert/templates/base/static
	/usr/local/share/jupyter/voila/templates/base/static
	/usr/local/share/jupyter/nbconvert/templates/base/static
	/usr/share/jupyter/voila/templates/base/static
	/usr/share/jupyter/nbconvert/templates/base/static
[Voila] Using /tmp to store connection files
[Voila] Storing connection files in /tmp/voila_1sz5c4_a.
[Voila] Serving static files from /usr/local/lib/python3.7/dist-packages/voila/static.
[Voila] Voilà is running at:
http://localhost:54979/
npx: installed 22 in 2.061s
your url is: https://bright-earwig-36.loca.lt
51934
[Voila] Looking for voila in /etc/jupyter
[Voila] Looking for voila in /usr/local/etc/jupyter
[Voila] Looking for voila in /usr/etc/jupyter
[Voila] Looking for voila in /root/.local/etc/jupyter
[Voila] Looking for voila in /root/.jupyter
[Voila] Looking for voila in /content/drive/My Drive/Colab Notebooks/voila
[Voila] using template: lab
[Voila] template paths:
	/usr/local/share/jupyter/voila/templates/lab
	/usr/local/share/jupyter/nbconvert/templates/lab
	/usr/local/share/jupyter/voila/templates/base
	/usr/local/share/jupyter/nbconvert/templates/base
	/root/.local/share/jupyter
	/root/.local/share/jupyter/voila/templates
	/root/.local/share/jupyter/nbconvert/templates
	/usr/local/share/jupyter
	/usr/local/share/jupyter/voila/templates
	/usr/local/share/jupyter/nbconvert/templates
	/usr/share/jupyter
	/usr/share/jupyter/voila/templates
	/usr/share/jupyter/nbconvert/templates
[Voila] static paths:
	/root/.local/share/jupyter/voila/templates/lab/static
	/root/.local/share/jupyter/nbconvert/templates/lab/static
	/usr/local/share/jupyter/voila/templates/lab/static
	/usr/local/share/jupyter/nbconvert/templates/lab/static
	/usr/share/jupyter/voila/templates/lab/static
	/usr/share/jupyter/nbconvert/templates/lab/static
	/root/.local/share/jupyter/voila/templates/base/static
	/root/.local/share/jupyter/nbconvert/templates/base/static
	/usr/local/share/jupyter/voila/templates/base/static
	/usr/local/share/jupyter/nbconvert/templates/base/static
	/usr/share/jupyter/voila/templates/base/static
	/usr/share/jupyter/nbconvert/templates/base/static
[Voila] Using /tmp to store connection files
[Voila] Storing connection files in /tmp/voila_hqbaezf1.
[Voila] Serving static files from /usr/local/lib/python3.7/dist-packages/voila/static.
[Voila] Voilà is running at:
http://localhost:51934/
npx: installed 22 in 2.27s
your url is: https://hungry-quail-24.loca.lt
58006
[Voila] Looking for voila in /etc/jupyter
[Voila] Looking for voila in /usr/local/etc/jupyter
[Voila] Looking for voila in /usr/etc/jupyter
[Voila] Looking for voila in /root/.local/etc/jupyter
[Voila] Looking for voila in /root/.jupyter
[Voila] Looking for voila in /content/drive/My Drive/Colab Notebooks/voila
[Voila] using template: lab
[Voila] template paths:
	/usr/local/share/jupyter/voila/templates/lab
	/usr/local/share/jupyter/nbconvert/templates/lab
	/usr/local/share/jupyter/voila/templates/base
	/usr/local/share/jupyter/nbconvert/templates/base
	/root/.local/share/jupyter
	/root/.local/share/jupyter/voila/templates
	/root/.local/share/jupyter/nbconvert/templates
	/usr/local/share/jupyter
	/usr/local/share/jupyter/voila/templates
	/usr/local/share/jupyter/nbconvert/templates
	/usr/share/jupyter
	/usr/share/jupyter/voila/templates
	/usr/share/jupyter/nbconvert/templates
[Voila] static paths:
	/root/.local/share/jupyter/voila/templates/lab/static
	/root/.local/share/jupyter/nbconvert/templates/lab/static
	/usr/local/share/jupyter/voila/templates/lab/static
	/usr/local/share/jupyter/nbconvert/templates/lab/static
	/usr/share/jupyter/voila/templates/lab/static
	/usr/share/jupyter/nbconvert/templates/lab/static
	/root/.local/share/jupyter/voila/templates/base/static
	/root/.local/share/jupyter/nbconvert/templates/base/static
	/usr/local/share/jupyter/voila/templates/base/static
	/usr/local/share/jupyter/nbconvert/templates/base/static
	/usr/share/jupyter/voila/templates/base/static
	/usr/share/jupyter/nbconvert/templates/base/static
[Voila] Using /tmp to store connection files
[Voila] Storing connection files in /tmp/voila_hpii1dyx.
[Voila] Serving static files from /usr/local/lib/python3.7/dist-packages/voila/static.
[Voila] Voilà is running at:
http://localhost:58006/
npx: installed 22 in 1.992s
your url is: https://grumpy-panda-88.loca.lt
60104
[Voila] Looking for voila in /etc/jupyter
[Voila] Looking for voila in /usr/local/etc/jupyter
[Voila] Looking for voila in /usr/etc/jupyter
[Voila] Looking for voila in /root/.local/etc/jupyter
[Voila] Looking for voila in /root/.jupyter
[Voila] Looking for voila in /content/drive/My Drive/Colab Notebooks/voila
[Voila] using template: lab
[Voila] template paths:
	/usr/local/share/jupyter/voila/templates/lab
	/usr/local/share/jupyter/nbconvert/templates/lab
	/usr/local/share/jupyter/voila/templates/base
	/usr/local/share/jupyter/nbconvert/templates/base
	/root/.local/share/jupyter
	/root/.local/share/jupyter/voila/templates
	/root/.local/share/jupyter/nbconvert/templates
	/usr/local/share/jupyter
	/usr/local/share/jupyter/voila/templates
	/usr/local/share/jupyter/nbconvert/templates
	/usr/share/jupyter
	/usr/share/jupyter/voila/templates
	/usr/share/jupyter/nbconvert/templates
[Voila] static paths:
	/root/.local/share/jupyter/voila/templates/lab/static
	/root/.local/share/jupyter/nbconvert/templates/lab/static
	/usr/local/share/jupyter/voila/templates/lab/static
	/usr/local/share/jupyter/nbconvert/templates/lab/static
	/usr/share/jupyter/voila/templates/lab/static
	/usr/share/jupyter/nbconvert/templates/lab/static
	/root/.local/share/jupyter/voila/templates/base/static
	/root/.local/share/jupyter/nbconvert/templates/base/static
	/usr/local/share/jupyter/voila/templates/base/static
	/usr/local/share/jupyter/nbconvert/templates/base/static
	/usr/share/jupyter/voila/templates/base/static
	/usr/share/jupyter/nbconvert/templates/base/static
[Voila] Using /tmp to store connection files
[Voila] Storing connection files in /tmp/voila_9dq7wd33.
[Voila] Serving static files from /usr/local/lib/python3.7/dist-packages/voila/static.
[Voila] Voilà is running at:
http://localhost:60104/
npx: installed 22 in 1.864s
your url is: https://fuzzy-grasshopper-65.loca.lt
51046
[Voila] Looking for voila in /etc/jupyter
[Voila] Looking for voila in /usr/local/etc/jupyter
[Voila] Looking for voila in /usr/etc/jupyter
[Voila] Looking for voila in /root/.local/etc/jupyter
[Voila] Looking for voila in /root/.jupyter
[Voila] Looking for voila in /content/drive/My Drive/Colab Notebooks/voila
[Voila] using template: lab
[Voila] template paths:
	/usr/local/share/jupyter/voila/templates/lab
	/usr/local/share/jupyter/nbconvert/templates/lab
	/usr/local/share/jupyter/voila/templates/base
	/usr/local/share/jupyter/nbconvert/templates/base
	/root/.local/share/jupyter
	/root/.local/share/jupyter/voila/templates
	/root/.local/share/jupyter/nbconvert/templates
	/usr/local/share/jupyter
	/usr/local/share/jupyter/voila/templates
	/usr/local/share/jupyter/nbconvert/templates
	/usr/share/jupyter
	/usr/share/jupyter/voila/templates
	/usr/share/jupyter/nbconvert/templates
[Voila] static paths:
	/root/.local/share/jupyter/voila/templates/lab/static
	/root/.local/share/jupyter/nbconvert/templates/lab/static
	/usr/local/share/jupyter/voila/templates/lab/static
	/usr/local/share/jupyter/nbconvert/templates/lab/static
	/usr/share/jupyter/voila/templates/lab/static
	/usr/share/jupyter/nbconvert/templates/lab/static
	/root/.local/share/jupyter/voila/templates/base/static
	/root/.local/share/jupyter/nbconvert/templates/base/static
	/usr/local/share/jupyter/voila/templates/base/static
	/usr/local/share/jupyter/nbconvert/templates/base/static
	/usr/share/jupyter/voila/templates/base/static
	/usr/share/jupyter/nbconvert/templates/base/static
[Voila] Using /tmp to store connection files
[Voila] Storing connection files in /tmp/voila_42i4d_6t.
[Voila] Serving static files from /usr/local/lib/python3.7/dist-packages/voila/static.
[Voila] Voilà is running at:
http://localhost:51046/
npx: installed 22 in 1.661s
your url is: https://white-newt-39.loca.lt
59392
[Voila] Looking for voila in /etc/jupyter
[Voila] Looking for voila in /usr/local/etc/jupyter
[Voila] Looking for voila in /usr/etc/jupyter
[Voila] Looking for voila in /root/.local/etc/jupyter
[Voila] Looking for voila in /root/.jupyter
[Voila] Looking for voila in /content/drive/My Drive/Colab Notebooks/voila
[Voila] using template: lab
[Voila] template paths:
	/usr/local/share/jupyter/voila/templates/lab
	/usr/local/share/jupyter/nbconvert/templates/lab
	/usr/local/share/jupyter/voila/templates/base
	/usr/local/share/jupyter/nbconvert/templates/base
	/root/.local/share/jupyter
	/root/.local/share/jupyter/voila/templates
	/root/.local/share/jupyter/nbconvert/templates
	/usr/local/share/jupyter
	/usr/local/share/jupyter/voila/templates
	/usr/local/share/jupyter/nbconvert/templates
	/usr/share/jupyter
	/usr/share/jupyter/voila/templates
	/usr/share/jupyter/nbconvert/templates
[Voila] static paths:
	/root/.local/share/jupyter/voila/templates/lab/static
	/root/.local/share/jupyter/nbconvert/templates/lab/static
	/usr/local/share/jupyter/voila/templates/lab/static
	/usr/local/share/jupyter/nbconvert/templates/lab/static
	/usr/share/jupyter/voila/templates/lab/static
	/usr/share/jupyter/nbconvert/templates/lab/static
	/root/.local/share/jupyter/voila/templates/base/static
	/root/.local/share/jupyter/nbconvert/templates/base/static
	/usr/local/share/jupyter/voila/templates/base/static
	/usr/local/share/jupyter/nbconvert/templates/base/static
	/usr/share/jupyter/voila/templates/base/static
	/usr/share/jupyter/nbconvert/templates/base/static
[Voila] Using /tmp to store connection files
[Voila] Storing connection files in /tmp/voila_s5hi9rgn.
[Voila] Serving static files from /usr/local/lib/python3.7/dist-packages/voila/static.
[Voila] Voilà is running at:
http://localhost:59392/
npx: installed 22 in 2.056s
your url is: https://calm-mole-75.loca.lt
64540
[Voila] Looking for voila in /etc/jupyter
[Voila] Looking for voila in /usr/local/etc/jupyter
[Voila] Looking for voila in /usr/etc/jupyter
[Voila] Looking for voila in /root/.local/etc/jupyter
[Voila] Looking for voila in /root/.jupyter
[Voila] Looking for voila in /content/drive/My Drive/Colab Notebooks/voila
[Voila] using template: lab
[Voila] template paths:
	/usr/local/share/jupyter/voila/templates/lab
	/usr/local/share/jupyter/nbconvert/templates/lab
	/usr/local/share/jupyter/voila/templates/base
	/usr/local/share/jupyter/nbconvert/templates/base
	/root/.local/share/jupyter
	/root/.local/share/jupyter/voila/templates
	/root/.local/share/jupyter/nbconvert/templates
	/usr/local/share/jupyter
	/usr/local/share/jupyter/voila/templates
	/usr/local/share/jupyter/nbconvert/templates
	/usr/share/jupyter
	/usr/share/jupyter/voila/templates
	/usr/share/jupyter/nbconvert/templates
[Voila] static paths:
	/root/.local/share/jupyter/voila/templates/lab/static
	/root/.local/share/jupyter/nbconvert/templates/lab/static
	/usr/local/share/jupyter/voila/templates/lab/static
	/usr/local/share/jupyter/nbconvert/templates/lab/static
	/usr/share/jupyter/voila/templates/lab/static
	/usr/share/jupyter/nbconvert/templates/lab/static
	/root/.local/share/jupyter/voila/templates/base/static
	/root/.local/share/jupyter/nbconvert/templates/base/static
	/usr/local/share/jupyter/voila/templates/base/static
	/usr/local/share/jupyter/nbconvert/templates/base/static
	/usr/share/jupyter/voila/templates/base/static
	/usr/share/jupyter/nbconvert/templates/base/static
[Voila] Using /tmp to store connection files
[Voila] Storing connection files in /tmp/voila_65vk349h.
[Voila] Serving static files from /usr/local/lib/python3.7/dist-packages/voila/static.
[Voila] Voilà is running at:
http://localhost:64540/
npx: installed 22 in 2.759s
your url is: https://young-dingo-66.loca.lt
